# JRE version: OpenJDK Runtime Environment Temurin-21.0.8+9 (21.0.8+9) (build 21.0.8+9-LTS)
# Java VM: OpenJDK 64-Bit Server VM Temurin-21.0.8+9 (21.0.8+9-LTS, mixed mode, sharing, tiered, compressed oops, compressed class ptrs, parallel gc, windows-amd64)
GC Precious Log:
 CardTable entry size: 512
 CPUs: 8 total, 8 available
 Memory: 16242M
 Large Page Support: Disabled
 NUMA Support: Disabled
 Compressed Oops: Enabled (32-bit)
 Alignments: Space 512K, Generation 512K, Heap 2M
 Heap Min Capacity: 100M
 Heap Initial Capacity: 100M
 Heap Max Capacity: 2G
 Pre-touch: Disabled
 Parallel Workers: 8
Heap:
 PSYoungGen      total 18432K, used 9526K [0x00000000d5580000, 0x00000000d6a00000, 0x0000000100000000)
  eden space 15872K, 46% used [0x00000000d5580000,0x00000000d5cc4420,0x00000000d6500000)
  from space 2560K, 81% used [0x00000000d6580000,0x00000000d6789620,0x00000000d6800000)
  to   space 2048K, 0% used [0x00000000d6800000,0x00000000d6800000,0x00000000d6a00000)
 ParOldGen       total 68608K, used 60283K [0x0000000080000000, 0x0000000084300000, 0x00000000d5580000)
  object space 68608K, 87% used [0x0000000080000000,0x0000000083adef70,0x0000000084300000)
 Metaspace       used 53200K, committed 54592K, reserved 1114112K
  class space    used 5813K, committed 6400K, reserved 1048576K
GC Heap History (20 events):
Event: 8.573 GC heap before
{Heap before GC invocations=26 (full 2):
 PSYoungGen      total 21504K, used 21088K [0x00000000d5580000, 0x00000000d6c80000, 0x0000000100000000)
  eden space 19456K, 100% used [0x00000000d5580000,0x00000000d6880000,0x00000000d6880000)
  from space 2048K, 79% used [0x00000000d6880000,0x00000000d6a18000,0x00000000d6a80000)
  to   space 2048K, 0% used [0x00000000d6a80000,0x00000000d6a80000,0x00000000d6c80000)
 ParOldGen       total 68608K, used 36171K [0x0000000080000000, 0x0000000084300000, 0x00000000d5580000)
  object space 68608K, 52% used [0x0000000080000000,0x0000000082352c38,0x0000000084300000)
 Metaspace       used 47882K, committed 49216K, reserved 1114112K
  class space    used 5193K, committed 5760K, reserved 1048576K
}
Event: 8.576 GC heap after
{Heap after GC invocations=26 (full 2):
 PSYoungGen      total 21504K, used 1920K [0x00000000d5580000, 0x00000000d6c80000, 0x0000000100000000)
  eden space 19456K, 0% used [0x00000000d5580000,0x00000000d5580000,0x00000000d6880000)
  from space 2048K, 93% used [0x00000000d6a80000,0x00000000d6c60010,0x00000000d6c80000)
  to   space 2048K, 0% used [0x00000000d6880000,0x00000000d6880000,0x00000000d6a80000)
 ParOldGen       total 68608K, used 37683K [0x0000000080000000, 0x0000000084300000, 0x00000000d5580000)
  object space 68608K, 54% used [0x0000000080000000,0x00000000824ccc38,0x0000000084300000)
 Metaspace       used 47882K, committed 49216K, reserved 1114112K
  class space    used 5193K, committed 5760K, reserved 1048576K
}
Event: 8.625 GC heap before
{Heap before GC invocations=27 (full 2):
 PSYoungGen      total 21504K, used 21376K [0x00000000d5580000, 0x00000000d6c80000, 0x0000000100000000)
  eden space 19456K, 100% used [0x00000000d5580000,0x00000000d6880000,0x00000000d6880000)
  from space 2048K, 93% used [0x00000000d6a80000,0x00000000d6c60010,0x00000000d6c80000)
  to   space 2048K, 0% used [0x00000000d6880000,0x00000000d6880000,0x00000000d6a80000)
 ParOldGen       total 68608K, used 37683K [0x0000000080000000, 0x0000000084300000, 0x00000000d5580000)
  object space 68608K, 54% used [0x0000000080000000,0x00000000824ccc38,0x0000000084300000)
 Metaspace       used 48056K, committed 49408K, reserved 1114112K
  class space    used 5215K, committed 5760K, reserved 1048576K
}
Event: 8.627 GC heap after
{Heap after GC invocations=27 (full 2):
 PSYoungGen      total 21504K, used 1664K [0x00000000d5580000, 0x00000000d6c80000, 0x0000000100000000)
  eden space 19456K, 0% used [0x00000000d5580000,0x00000000d5580000,0x00000000d6880000)
  from space 2048K, 81% used [0x00000000d6880000,0x00000000d6a20000,0x00000000d6a80000)
  to   space 2048K, 0% used [0x00000000d6a80000,0x00000000d6a80000,0x00000000d6c80000)
 ParOldGen       total 68608K, used 39499K [0x0000000080000000, 0x0000000084300000, 0x00000000d5580000)
  object space 68608K, 57% used [0x0000000080000000,0x0000000082692c48,0x0000000084300000)
 Metaspace       used 48056K, committed 49408K, reserved 1114112K
  class space    used 5215K, committed 5760K, reserved 1048576K
}
Event: 8.751 GC heap before
{Heap before GC invocations=28 (full 2):
 PSYoungGen      total 21504K, used 21120K [0x00000000d5580000, 0x00000000d6c80000, 0x0000000100000000)
  eden space 19456K, 100% used [0x00000000d5580000,0x00000000d6880000,0x00000000d6880000)
  from space 2048K, 81% used [0x00000000d6880000,0x00000000d6a20000,0x00000000d6a80000)
  to   space 2048K, 0% used [0x00000000d6a80000,0x00000000d6a80000,0x00000000d6c80000)
 ParOldGen       total 68608K, used 39499K [0x0000000080000000, 0x0000000084300000, 0x00000000d5580000)
  object space 68608K, 57% used [0x0000000080000000,0x0000000082692c48,0x0000000084300000)
 Metaspace       used 49396K, committed 50688K, reserved 1114112K
  class space    used 5377K, committed 5952K, reserved 1048576K
}
Event: 8.754 GC heap after
{Heap after GC invocations=28 (full 2):
 PSYoungGen      total 21504K, used 1567K [0x00000000d5580000, 0x00000000d6c80000, 0x0000000100000000)
  eden space 19456K, 0% used [0x00000000d5580000,0x00000000d5580000,0x00000000d6880000)
  from space 2048K, 76% used [0x00000000d6a80000,0x00000000d6c07c80,0x00000000d6c80000)
  to   space 2048K, 0% used [0x00000000d6880000,0x00000000d6880000,0x00000000d6a80000)
 ParOldGen       total 68608K, used 41051K [0x0000000080000000, 0x0000000084300000, 0x00000000d5580000)
  object space 68608K, 59% used [0x0000000080000000,0x0000000082816c48,0x0000000084300000)
 Metaspace       used 49396K, committed 50688K, reserved 1114112K
  class space    used 5377K, committed 5952K, reserved 1048576K
}
Event: 8.966 GC heap before
{Heap before GC invocations=29 (full 2):
 PSYoungGen      total 21504K, used 21023K [0x00000000d5580000, 0x00000000d6c80000, 0x0000000100000000)
  eden space 19456K, 100% used [0x00000000d5580000,0x00000000d6880000,0x00000000d6880000)
  from space 2048K, 76% used [0x00000000d6a80000,0x00000000d6c07c80,0x00000000d6c80000)
  to   space 2048K, 0% used [0x00000000d6880000,0x00000000d6880000,0x00000000d6a80000)
 ParOldGen       total 68608K, used 41051K [0x0000000080000000, 0x0000000084300000, 0x00000000d5580000)
  object space 68608K, 59% used [0x0000000080000000,0x0000000082816c48,0x0000000084300000)
 Metaspace       used 50148K, committed 51520K, reserved 1114112K
  class space    used 5492K, committed 6080K, reserved 1048576K
}
Event: 8.970 GC heap after
{Heap after GC invocations=29 (full 2):
 PSYoungGen      total 21504K, used 2029K [0x00000000d5580000, 0x00000000d7380000, 0x0000000100000000)
  eden space 19456K, 0% used [0x00000000d5580000,0x00000000d5580000,0x00000000d6880000)
  from space 2048K, 99% used [0x00000000d6880000,0x00000000d6a7b4b8,0x00000000d6a80000)
  to   space 5632K, 0% used [0x00000000d6e00000,0x00000000d6e00000,0x00000000d7380000)
 ParOldGen       total 68608K, used 43835K [0x0000000080000000, 0x0000000084300000, 0x00000000d5580000)
  object space 68608K, 63% used [0x0000000080000000,0x0000000082acef10,0x0000000084300000)
 Metaspace       used 50148K, committed 51520K, reserved 1114112K
  class space    used 5492K, committed 6080K, reserved 1048576K
}
Event: 9.145 GC heap before
{Heap before GC invocations=30 (full 2):
 PSYoungGen      total 21504K, used 21485K [0x00000000d5580000, 0x00000000d7380000, 0x0000000100000000)
  eden space 19456K, 100% used [0x00000000d5580000,0x00000000d6880000,0x00000000d6880000)
  from space 2048K, 99% used [0x00000000d6880000,0x00000000d6a7b4b8,0x00000000d6a80000)
  to   space 5632K, 0% used [0x00000000d6e00000,0x00000000d6e00000,0x00000000d7380000)
 ParOldGen       total 68608K, used 43835K [0x0000000080000000, 0x0000000084300000, 0x00000000d5580000)
  object space 68608K, 63% used [0x0000000080000000,0x0000000082acef10,0x0000000084300000)
 Metaspace       used 51156K, committed 52416K, reserved 1114112K
  class space    used 5608K, committed 6144K, reserved 1048576K
}
Event: 9.149 GC heap after
{Heap after GC invocations=30 (full 2):
 PSYoungGen      total 22528K, used 2943K [0x00000000d5580000, 0x00000000d7100000, 0x0000000100000000)
  eden space 19456K, 0% used [0x00000000d5580000,0x00000000d5580000,0x00000000d6880000)
  from space 3072K, 95% used [0x00000000d6e00000,0x00000000d70dfca8,0x00000000d7100000)
  to   space 4096K, 0% used [0x00000000d6900000,0x00000000d6900000,0x00000000d6d00000)
 ParOldGen       total 68608K, used 45842K [0x0000000080000000, 0x0000000084300000, 0x00000000d5580000)
  object space 68608K, 66% used [0x0000000080000000,0x0000000082cc4af0,0x0000000084300000)
 Metaspace       used 51156K, committed 52416K, reserved 1114112K
  class space    used 5608K, committed 6144K, reserved 1048576K
}
Event: 9.434 GC heap before
{Heap before GC invocations=31 (full 2):
 PSYoungGen      total 22528K, used 22399K [0x00000000d5580000, 0x00000000d7100000, 0x0000000100000000)
  eden space 19456K, 100% used [0x00000000d5580000,0x00000000d6880000,0x00000000d6880000)
  from space 3072K, 95% used [0x00000000d6e00000,0x00000000d70dfca8,0x00000000d7100000)
  to   space 4096K, 0% used [0x00000000d6900000,0x00000000d6900000,0x00000000d6d00000)
 ParOldGen       total 68608K, used 45842K [0x0000000080000000, 0x0000000084300000, 0x00000000d5580000)
  object space 68608K, 66% used [0x0000000080000000,0x0000000082cc4af0,0x0000000084300000)
 Metaspace       used 52028K, committed 53376K, reserved 1114112K
  class space    used 5703K, committed 6272K, reserved 1048576K
}
Event: 9.439 GC heap after
{Heap after GC invocations=31 (full 2):
 PSYoungGen      total 23040K, used 3438K [0x00000000d5580000, 0x00000000d6f80000, 0x0000000100000000)
  eden space 19456K, 0% used [0x00000000d5580000,0x00000000d5580000,0x00000000d6880000)
  from space 3584K, 95% used [0x00000000d6900000,0x00000000d6c5b8e0,0x00000000d6c80000)
  to   space 3072K, 0% used [0x00000000d6c80000,0x00000000d6c80000,0x00000000d6f80000)
 ParOldGen       total 68608K, used 48491K [0x0000000080000000, 0x0000000084300000, 0x00000000d5580000)
  object space 68608K, 70% used [0x0000000080000000,0x0000000082f5ad80,0x0000000084300000)
 Metaspace       used 52028K, committed 53376K, reserved 1114112K
  class space    used 5703K, committed 6272K, reserved 1048576K
}
Event: 9.558 GC heap before
{Heap before GC invocations=32 (full 2):
 PSYoungGen      total 23040K, used 22894K [0x00000000d5580000, 0x00000000d6f80000, 0x0000000100000000)
  eden space 19456K, 100% used [0x00000000d5580000,0x00000000d6880000,0x00000000d6880000)
  from space 3584K, 95% used [0x00000000d6900000,0x00000000d6c5b8e0,0x00000000d6c80000)
  to   space 3072K, 0% used [0x00000000d6c80000,0x00000000d6c80000,0x00000000d6f80000)
 ParOldGen       total 68608K, used 48491K [0x0000000080000000, 0x0000000084300000, 0x00000000d5580000)
  object space 68608K, 70% used [0x0000000080000000,0x0000000082f5ad80,0x0000000084300000)
 Metaspace       used 52610K, committed 54016K, reserved 1114112K
  class space    used 5771K, committed 6336K, reserved 1048576K
}
Event: 9.562 GC heap after
{Heap after GC invocations=32 (full 2):
 PSYoungGen      total 18944K, used 3046K [0x00000000d5580000, 0x00000000d7780000, 0x0000000100000000)
  eden space 15872K, 0% used [0x00000000d5580000,0x00000000d5580000,0x00000000d6500000)
  from space 3072K, 99% used [0x00000000d6c80000,0x00000000d6f79ba8,0x00000000d6f80000)
  to   space 7680K, 0% used [0x00000000d6500000,0x00000000d6500000,0x00000000d6c80000)
 ParOldGen       total 68608K, used 52167K [0x0000000080000000, 0x0000000084300000, 0x00000000d5580000)
  object space 68608K, 76% used [0x0000000080000000,0x00000000832f1e08,0x0000000084300000)
 Metaspace       used 52610K, committed 54016K, reserved 1114112K
  class space    used 5771K, committed 6336K, reserved 1048576K
}
Event: 9.674 GC heap before
{Heap before GC invocations=33 (full 2):
 PSYoungGen      total 18944K, used 18918K [0x00000000d5580000, 0x00000000d7780000, 0x0000000100000000)
  eden space 15872K, 100% used [0x00000000d5580000,0x00000000d6500000,0x00000000d6500000)
  from space 3072K, 99% used [0x00000000d6c80000,0x00000000d6f79ba8,0x00000000d6f80000)
  to   space 7680K, 0% used [0x00000000d6500000,0x00000000d6500000,0x00000000d6c80000)
 ParOldGen       total 68608K, used 52167K [0x0000000080000000, 0x0000000084300000, 0x00000000d5580000)
  object space 68608K, 76% used [0x0000000080000000,0x00000000832f1e08,0x0000000084300000)
 Metaspace       used 52858K, committed 54208K, reserved 1114112K
  class space    used 5786K, committed 6336K, reserved 1048576K
}
Event: 9.678 GC heap after
{Heap after GC invocations=33 (full 2):
 PSYoungGen      total 18944K, used 2822K [0x00000000d5580000, 0x00000000d6e00000, 0x0000000100000000)
  eden space 15872K, 0% used [0x00000000d5580000,0x00000000d5580000,0x00000000d6500000)
  from space 3072K, 91% used [0x00000000d6500000,0x00000000d67c18b0,0x00000000d6800000)
  to   space 4608K, 0% used [0x00000000d6980000,0x00000000d6980000,0x00000000d6e00000)
 ParOldGen       total 68608K, used 55155K [0x0000000080000000, 0x0000000084300000, 0x00000000d5580000)
  object space 68608K, 80% used [0x0000000080000000,0x00000000835dcf20,0x0000000084300000)
 Metaspace       used 52858K, committed 54208K, reserved 1114112K
  class space    used 5786K, committed 6336K, reserved 1048576K
}
Event: 9.765 GC heap before
{Heap before GC invocations=34 (full 2):
 PSYoungGen      total 18944K, used 18694K [0x00000000d5580000, 0x00000000d6e00000, 0x0000000100000000)
  eden space 15872K, 100% used [0x00000000d5580000,0x00000000d6500000,0x00000000d6500000)
  from space 3072K, 91% used [0x00000000d6500000,0x00000000d67c18b0,0x00000000d6800000)
  to   space 4608K, 0% used [0x00000000d6980000,0x00000000d6980000,0x00000000d6e00000)
 ParOldGen       total 68608K, used 55155K [0x0000000080000000, 0x0000000084300000, 0x00000000d5580000)
  object space 68608K, 80% used [0x0000000080000000,0x00000000835dcf20,0x0000000084300000)
 Metaspace       used 52902K, committed 54272K, reserved 1114112K
  class space    used 5788K, committed 6336K, reserved 1048576K
}
Event: 9.768 GC heap after
{Heap after GC invocations=34 (full 2):
 PSYoungGen      total 18944K, used 2889K [0x00000000d5580000, 0x00000000d6c80000, 0x0000000100000000)
  eden space 15872K, 0% used [0x00000000d5580000,0x00000000d5580000,0x00000000d6500000)
  from space 3072K, 94% used [0x00000000d6980000,0x00000000d6c526a8,0x00000000d6c80000)
  to   space 3584K, 0% used [0x00000000d6580000,0x00000000d6580000,0x00000000d6900000)
 ParOldGen       total 68608K, used 57761K [0x0000000080000000, 0x0000000084300000, 0x00000000d5580000)
  object space 68608K, 84% used [0x0000000080000000,0x00000000838685f8,0x0000000084300000)
 Metaspace       used 52902K, committed 54272K, reserved 1114112K
  class space    used 5788K, committed 6336K, reserved 1048576K
}
Event: 9.918 GC heap before
{Heap before GC invocations=35 (full 2):
 PSYoungGen      total 18944K, used 18761K [0x00000000d5580000, 0x00000000d6c80000, 0x0000000100000000)
  eden space 15872K, 100% used [0x00000000d5580000,0x00000000d6500000,0x00000000d6500000)
  from space 3072K, 94% used [0x00000000d6980000,0x00000000d6c526a8,0x00000000d6c80000)
  to   space 3584K, 0% used [0x00000000d6580000,0x00000000d6580000,0x00000000d6900000)
 ParOldGen       total 68608K, used 57761K [0x0000000080000000, 0x0000000084300000, 0x00000000d5580000)
  object space 68608K, 84% used [0x0000000080000000,0x00000000838685f8,0x0000000084300000)
 Metaspace       used 53031K, committed 54400K, reserved 1114112K
  class space    used 5801K, committed 6336K, reserved 1048576K
}
Event: 9.922 GC heap after
{Heap after GC invocations=35 (full 2):
 PSYoungGen      total 18432K, used 2085K [0x00000000d5580000, 0x00000000d6a00000, 0x0000000100000000)
  eden space 15872K, 0% used [0x00000000d5580000,0x00000000d5580000,0x00000000d6500000)
  from space 2560K, 81% used [0x00000000d6580000,0x00000000d6789620,0x00000000d6800000)
  to   space 2048K, 0% used [0x00000000d6800000,0x00000000d6800000,0x00000000d6a00000)
 ParOldGen       total 68608K, used 60283K [0x0000000080000000, 0x0000000084300000, 0x00000000d5580000)
  object space 68608K, 87% used [0x0000000080000000,0x0000000083adef70,0x0000000084300000)
 Metaspace       used 53031K, committed 54400K, reserved 1114112K
  class space    used 5801K, committed 6336K, reserved 1048576K
}

