# JRE version: OpenJDK Runtime Environment Temurin-21.0.8+9 (21.0.8+9) (build 21.0.8+9-LTS)
# Java VM: OpenJDK 64-Bit Server VM Temurin-21.0.8+9 (21.0.8+9-LTS, mixed mode, sharing, tiered, compressed oops, compressed class ptrs, parallel gc, windows-amd64)
GC Precious Log:
 CardTable entry size: 512
 CPUs: 8 total, 8 available
 Memory: 16242M
 Large Page Support: Disabled
 NUMA Support: Disabled
 Compressed Oops: Enabled (32-bit)
 Alignments: Space 512K, Generation 512K, Heap 2M
 Heap Min Capacity: 100M
 Heap Initial Capacity: 100M
 Heap Max Capacity: 2G
 Pre-touch: Disabled
 Parallel Workers: 8
Heap:
 PSYoungGen      total 21504K, used 14397K [0x00000000d5580000, 0x00000000d6c00000, 0x0000000100000000)
  eden space 20480K, 66% used [0x00000000d5580000,0x00000000d62b75f8,0x00000000d6980000)
  from space 1024K, 84% used [0x00000000d6b00000,0x00000000d6bd8010,0x00000000d6c00000)
  to   space 1024K, 0% used [0x00000000d6980000,0x00000000d6980000,0x00000000d6a80000)
 ParOldGen       total 68608K, used 30989K [0x0000000080000000, 0x0000000084300000, 0x00000000d5580000)
  object space 68608K, 45% used [0x0000000080000000,0x0000000081e43658,0x0000000084300000)
 Metaspace       used 40180K, committed 41216K, reserved 1114112K
  class space    used 4103K, committed 4544K, reserved 1048576K
GC Heap History (20 events):
Event: 3.660 GC heap before
{Heap before GC invocations=15 (full 1):
 PSYoungGen      total 23040K, used 22688K [0x00000000d5580000, 0x00000000d7080000, 0x0000000100000000)
  eden space 20480K, 100% used [0x00000000d5580000,0x00000000d6980000,0x00000000d6980000)
  from space 2560K, 86% used [0x00000000d6980000,0x00000000d6ba8000,0x00000000d6c00000)
  to   space 3584K, 0% used [0x00000000d6d00000,0x00000000d6d00000,0x00000000d7080000)
 ParOldGen       total 68608K, used 20271K [0x0000000080000000, 0x0000000084300000, 0x00000000d5580000)
  object space 68608K, 29% used [0x0000000080000000,0x00000000813cbfa0,0x0000000084300000)
 Metaspace       used 32458K, committed 33536K, reserved 1114112K
  class space    used 3357K, committed 3904K, reserved 1048576K
}
Event: 3.663 GC heap after
{Heap after GC invocations=15 (full 1):
 PSYoungGen      total 23040K, used 2052K [0x00000000d5580000, 0x00000000d6f80000, 0x0000000100000000)
  eden space 20480K, 0% used [0x00000000d5580000,0x00000000d5580000,0x00000000d6980000)
  from space 2560K, 80% used [0x00000000d6d00000,0x00000000d6f01000,0x00000000d6f80000)
  to   space 2560K, 0% used [0x00000000d6980000,0x00000000d6980000,0x00000000d6c00000)
 ParOldGen       total 68608K, used 22347K [0x0000000080000000, 0x0000000084300000, 0x00000000d5580000)
  object space 68608K, 32% used [0x0000000080000000,0x00000000815d2cb0,0x0000000084300000)
 Metaspace       used 32458K, committed 33536K, reserved 1114112K
  class space    used 3357K, committed 3904K, reserved 1048576K
}
Event: 3.767 GC heap before
{Heap before GC invocations=16 (full 1):
 PSYoungGen      total 23040K, used 22532K [0x00000000d5580000, 0x00000000d6f80000, 0x0000000100000000)
  eden space 20480K, 100% used [0x00000000d5580000,0x00000000d6980000,0x00000000d6980000)
  from space 2560K, 80% used [0x00000000d6d00000,0x00000000d6f01000,0x00000000d6f80000)
  to   space 2560K, 0% used [0x00000000d6980000,0x00000000d6980000,0x00000000d6c00000)
 ParOldGen       total 68608K, used 22347K [0x0000000080000000, 0x0000000084300000, 0x00000000d5580000)
  object space 68608K, 32% used [0x0000000080000000,0x00000000815d2cb0,0x0000000084300000)
 Metaspace       used 32507K, committed 33600K, reserved 1114112K
  class space    used 3359K, committed 3904K, reserved 1048576K
}
Event: 3.774 GC heap after
{Heap after GC invocations=16 (full 1):
 PSYoungGen      total 23040K, used 2112K [0x00000000d5580000, 0x00000000d6e80000, 0x0000000100000000)
  eden space 20480K, 0% used [0x00000000d5580000,0x00000000d5580000,0x00000000d6980000)
  from space 2560K, 82% used [0x00000000d6980000,0x00000000d6b90010,0x00000000d6c00000)
  to   space 2560K, 0% used [0x00000000d6c00000,0x00000000d6c00000,0x00000000d6e80000)
 ParOldGen       total 68608K, used 24262K [0x0000000080000000, 0x0000000084300000, 0x00000000d5580000)
  object space 68608K, 35% used [0x0000000080000000,0x00000000817b18a0,0x0000000084300000)
 Metaspace       used 32507K, committed 33600K, reserved 1114112K
  class space    used 3359K, committed 3904K, reserved 1048576K
}
Event: 3.866 GC heap before
{Heap before GC invocations=17 (full 1):
 PSYoungGen      total 23040K, used 22592K [0x00000000d5580000, 0x00000000d6e80000, 0x0000000100000000)
  eden space 20480K, 100% used [0x00000000d5580000,0x00000000d6980000,0x00000000d6980000)
  from space 2560K, 82% used [0x00000000d6980000,0x00000000d6b90010,0x00000000d6c00000)
  to   space 2560K, 0% used [0x00000000d6c00000,0x00000000d6c00000,0x00000000d6e80000)
 ParOldGen       total 68608K, used 24262K [0x0000000080000000, 0x0000000084300000, 0x00000000d5580000)
  object space 68608K, 35% used [0x0000000080000000,0x00000000817b18a0,0x0000000084300000)
 Metaspace       used 32610K, committed 33728K, reserved 1114112K
  class space    used 3359K, committed 3904K, reserved 1048576K
}
Event: 3.869 GC heap after
{Heap after GC invocations=17 (full 1):
 PSYoungGen      total 22528K, used 1952K [0x00000000d5580000, 0x00000000d6e00000, 0x0000000100000000)
  eden space 20480K, 0% used [0x00000000d5580000,0x00000000d5580000,0x00000000d6980000)
  from space 2048K, 95% used [0x00000000d6c00000,0x00000000d6de8000,0x00000000d6e00000)
  to   space 2048K, 0% used [0x00000000d6a00000,0x00000000d6a00000,0x00000000d6c00000)
 ParOldGen       total 68608K, used 26262K [0x0000000080000000, 0x0000000084300000, 0x00000000d5580000)
  object space 68608K, 38% used [0x0000000080000000,0x00000000819a58b0,0x0000000084300000)
 Metaspace       used 32610K, committed 33728K, reserved 1114112K
  class space    used 3359K, committed 3904K, reserved 1048576K
}
Event: 3.929 GC heap before
{Heap before GC invocations=18 (full 1):
 PSYoungGen      total 22528K, used 22432K [0x00000000d5580000, 0x00000000d6e00000, 0x0000000100000000)
  eden space 20480K, 100% used [0x00000000d5580000,0x00000000d6980000,0x00000000d6980000)
  from space 2048K, 95% used [0x00000000d6c00000,0x00000000d6de8000,0x00000000d6e00000)
  to   space 2048K, 0% used [0x00000000d6a00000,0x00000000d6a00000,0x00000000d6c00000)
 ParOldGen       total 68608K, used 26262K [0x0000000080000000, 0x0000000084300000, 0x00000000d5580000)
  object space 68608K, 38% used [0x0000000080000000,0x00000000819a58b0,0x0000000084300000)
 Metaspace       used 32704K, committed 33792K, reserved 1114112K
  class space    used 3361K, committed 3904K, reserved 1048576K
}
Event: 3.932 GC heap after
{Heap after GC invocations=18 (full 1):
 PSYoungGen      total 22528K, used 1848K [0x00000000d5580000, 0x00000000d6d80000, 0x0000000100000000)
  eden space 20480K, 0% used [0x00000000d5580000,0x00000000d5580000,0x00000000d6980000)
  from space 2048K, 90% used [0x00000000d6a00000,0x00000000d6bce200,0x00000000d6c00000)
  to   space 1536K, 0% used [0x00000000d6c00000,0x00000000d6c00000,0x00000000d6d80000)
 ParOldGen       total 68608K, used 28102K [0x0000000080000000, 0x0000000084300000, 0x00000000d5580000)
  object space 68608K, 40% used [0x0000000080000000,0x0000000081b718b0,0x0000000084300000)
 Metaspace       used 32704K, committed 33792K, reserved 1114112K
  class space    used 3361K, committed 3904K, reserved 1048576K
}
Event: 4.197 GC heap before
{Heap before GC invocations=19 (full 1):
 PSYoungGen      total 22528K, used 19740K [0x00000000d5580000, 0x00000000d6d80000, 0x0000000100000000)
  eden space 20480K, 87% used [0x00000000d5580000,0x00000000d66f8e00,0x00000000d6980000)
  from space 2048K, 90% used [0x00000000d6a00000,0x00000000d6bce200,0x00000000d6c00000)
  to   space 1536K, 0% used [0x00000000d6c00000,0x00000000d6c00000,0x00000000d6d80000)
 ParOldGen       total 68608K, used 28102K [0x0000000080000000, 0x0000000084300000, 0x00000000d5580000)
  object space 68608K, 40% used [0x0000000080000000,0x0000000081b718b0,0x0000000084300000)
 Metaspace       used 34815K, committed 35840K, reserved 1114112K
  class space    used 3593K, committed 4096K, reserved 1048576K
}
Event: 4.199 GC heap after
{Heap after GC invocations=19 (full 1):
 PSYoungGen      total 22016K, used 1172K [0x00000000d5580000, 0x00000000d6d80000, 0x0000000100000000)
  eden space 20480K, 0% used [0x00000000d5580000,0x00000000d5580000,0x00000000d6980000)
  from space 1536K, 76% used [0x00000000d6c00000,0x00000000d6d253c8,0x00000000d6d80000)
  to   space 1536K, 0% used [0x00000000d6a80000,0x00000000d6a80000,0x00000000d6c00000)
 ParOldGen       total 68608K, used 29886K [0x0000000080000000, 0x0000000084300000, 0x00000000d5580000)
  object space 68608K, 43% used [0x0000000080000000,0x0000000081d2fab0,0x0000000084300000)
 Metaspace       used 34815K, committed 35840K, reserved 1114112K
  class space    used 3593K, committed 4096K, reserved 1048576K
}
Event: 4.200 GC heap before
{Heap before GC invocations=20 (full 2):
 PSYoungGen      total 22016K, used 1172K [0x00000000d5580000, 0x00000000d6d80000, 0x0000000100000000)
  eden space 20480K, 0% used [0x00000000d5580000,0x00000000d5580000,0x00000000d6980000)
  from space 1536K, 76% used [0x00000000d6c00000,0x00000000d6d253c8,0x00000000d6d80000)
  to   space 1536K, 0% used [0x00000000d6a80000,0x00000000d6a80000,0x00000000d6c00000)
 ParOldGen       total 68608K, used 29886K [0x0000000080000000, 0x0000000084300000, 0x00000000d5580000)
  object space 68608K, 43% used [0x0000000080000000,0x0000000081d2fab0,0x0000000084300000)
 Metaspace       used 34815K, committed 35840K, reserved 1114112K
  class space    used 3593K, committed 4096K, reserved 1048576K
}
Event: 4.261 GC heap after
{Heap after GC invocations=20 (full 2):
 PSYoungGen      total 22016K, used 0K [0x00000000d5580000, 0x00000000d6d80000, 0x0000000100000000)
  eden space 20480K, 0% used [0x00000000d5580000,0x00000000d5580000,0x00000000d6980000)
  from space 1536K, 0% used [0x00000000d6c00000,0x00000000d6c00000,0x00000000d6d80000)
  to   space 1536K, 0% used [0x00000000d6a80000,0x00000000d6a80000,0x00000000d6c00000)
 ParOldGen       total 68608K, used 29548K [0x0000000080000000, 0x0000000084300000, 0x00000000d5580000)
  object space 68608K, 43% used [0x0000000080000000,0x0000000081cdb010,0x0000000084300000)
 Metaspace       used 34606K, committed 35840K, reserved 1114112K
  class space    used 3533K, committed 4096K, reserved 1048576K
}
Event: 4.569 GC heap before
{Heap before GC invocations=21 (full 2):
 PSYoungGen      total 22016K, used 20474K [0x00000000d5580000, 0x00000000d6d80000, 0x0000000100000000)
  eden space 20480K, 99% used [0x00000000d5580000,0x00000000d697ea28,0x00000000d6980000)
  from space 1536K, 0% used [0x00000000d6c00000,0x00000000d6c00000,0x00000000d6d80000)
  to   space 1536K, 0% used [0x00000000d6a80000,0x00000000d6a80000,0x00000000d6c00000)
 ParOldGen       total 68608K, used 29548K [0x0000000080000000, 0x0000000084300000, 0x00000000d5580000)
  object space 68608K, 43% used [0x0000000080000000,0x0000000081cdb010,0x0000000084300000)
 Metaspace       used 35548K, committed 36544K, reserved 1114112K
  class space    used 3648K, committed 4160K, reserved 1048576K
}
Event: 4.570 GC heap after
{Heap after GC invocations=21 (full 2):
 PSYoungGen      total 20992K, used 320K [0x00000000d5580000, 0x00000000d6c80000, 0x0000000100000000)
  eden space 20480K, 0% used [0x00000000d5580000,0x00000000d5580000,0x00000000d6980000)
  from space 512K, 62% used [0x00000000d6a80000,0x00000000d6ad0000,0x00000000d6b00000)
  to   space 1024K, 0% used [0x00000000d6b80000,0x00000000d6b80000,0x00000000d6c80000)
 ParOldGen       total 68608K, used 29556K [0x0000000080000000, 0x0000000084300000, 0x00000000d5580000)
  object space 68608K, 43% used [0x0000000080000000,0x0000000081cdd010,0x0000000084300000)
 Metaspace       used 35548K, committed 36544K, reserved 1114112K
  class space    used 3648K, committed 4160K, reserved 1048576K
}
Event: 4.785 GC heap before
{Heap before GC invocations=22 (full 2):
 PSYoungGen      total 20992K, used 20800K [0x00000000d5580000, 0x00000000d6c80000, 0x0000000100000000)
  eden space 20480K, 100% used [0x00000000d5580000,0x00000000d6980000,0x00000000d6980000)
  from space 512K, 62% used [0x00000000d6a80000,0x00000000d6ad0000,0x00000000d6b00000)
  to   space 1024K, 0% used [0x00000000d6b80000,0x00000000d6b80000,0x00000000d6c80000)
 ParOldGen       total 68608K, used 29556K [0x0000000080000000, 0x0000000084300000, 0x00000000d5580000)
  object space 68608K, 43% used [0x0000000080000000,0x0000000081cdd010,0x0000000084300000)
 Metaspace       used 36680K, committed 37632K, reserved 1114112K
  class space    used 3758K, committed 4224K, reserved 1048576K
}
Event: 4.786 GC heap after
{Heap after GC invocations=22 (full 2):
 PSYoungGen      total 21504K, used 1022K [0x00000000d5580000, 0x00000000d6d80000, 0x0000000100000000)
  eden space 20480K, 0% used [0x00000000d5580000,0x00000000d5580000,0x00000000d6980000)
  from space 1024K, 99% used [0x00000000d6b80000,0x00000000d6c7fbc0,0x00000000d6c80000)
  to   space 2048K, 0% used [0x00000000d6980000,0x00000000d6980000,0x00000000d6b80000)
 ParOldGen       total 68608K, used 30072K [0x0000000080000000, 0x0000000084300000, 0x00000000d5580000)
  object space 68608K, 43% used [0x0000000080000000,0x0000000081d5e3f0,0x0000000084300000)
 Metaspace       used 36680K, committed 37632K, reserved 1114112K
  class space    used 3758K, committed 4224K, reserved 1048576K
}
Event: 4.858 GC heap before
{Heap before GC invocations=23 (full 2):
 PSYoungGen      total 21504K, used 21502K [0x00000000d5580000, 0x00000000d6d80000, 0x0000000100000000)
  eden space 20480K, 100% used [0x00000000d5580000,0x00000000d6980000,0x00000000d6980000)
  from space 1024K, 99% used [0x00000000d6b80000,0x00000000d6c7fbc0,0x00000000d6c80000)
  to   space 2048K, 0% used [0x00000000d6980000,0x00000000d6980000,0x00000000d6b80000)
 ParOldGen       total 68608K, used 30072K [0x0000000080000000, 0x0000000084300000, 0x00000000d5580000)
  object space 68608K, 43% used [0x0000000080000000,0x0000000081d5e3f0,0x0000000084300000)
 Metaspace       used 36699K, committed 37696K, reserved 1114112K
  class space    used 3758K, committed 4224K, reserved 1048576K
}
Event: 4.860 GC heap after
{Heap after GC invocations=23 (full 2):
 PSYoungGen      total 21504K, used 1001K [0x00000000d5580000, 0x00000000d6c80000, 0x0000000100000000)
  eden space 20480K, 0% used [0x00000000d5580000,0x00000000d5580000,0x00000000d6980000)
  from space 1024K, 97% used [0x00000000d6980000,0x00000000d6a7a7d8,0x00000000d6a80000)
  to   space 1536K, 0% used [0x00000000d6b00000,0x00000000d6b00000,0x00000000d6c80000)
 ParOldGen       total 68608K, used 30965K [0x0000000080000000, 0x0000000084300000, 0x00000000d5580000)
  object space 68608K, 45% used [0x0000000080000000,0x0000000081e3d658,0x0000000084300000)
 Metaspace       used 36699K, committed 37696K, reserved 1114112K
  class space    used 3758K, committed 4224K, reserved 1048576K
}
Event: 5.039 GC heap before
{Heap before GC invocations=24 (full 2):
 PSYoungGen      total 21504K, used 21481K [0x00000000d5580000, 0x00000000d6c80000, 0x0000000100000000)
  eden space 20480K, 99% used [0x00000000d5580000,0x00000000d697ffc8,0x00000000d6980000)
  from space 1024K, 97% used [0x00000000d6980000,0x00000000d6a7a7d8,0x00000000d6a80000)
  to   space 1536K, 0% used [0x00000000d6b00000,0x00000000d6b00000,0x00000000d6c80000)
 ParOldGen       total 68608K, used 30965K [0x0000000080000000, 0x0000000084300000, 0x00000000d5580000)
  object space 68608K, 45% used [0x0000000080000000,0x0000000081e3d658,0x0000000084300000)
 Metaspace       used 38750K, committed 39808K, reserved 1114112K
  class space    used 3973K, committed 4480K, reserved 1048576K
}
Event: 5.040 GC heap after
{Heap after GC invocations=24 (full 2):
 PSYoungGen      total 21504K, used 864K [0x00000000d5580000, 0x00000000d6c00000, 0x0000000100000000)
  eden space 20480K, 0% used [0x00000000d5580000,0x00000000d5580000,0x00000000d6980000)
  from space 1024K, 84% used [0x00000000d6b00000,0x00000000d6bd8010,0x00000000d6c00000)
  to   space 1024K, 0% used [0x00000000d6980000,0x00000000d6980000,0x00000000d6a80000)
 ParOldGen       total 68608K, used 30989K [0x0000000080000000, 0x0000000084300000, 0x00000000d5580000)
  object space 68608K, 45% used [0x0000000080000000,0x0000000081e43658,0x0000000084300000)
 Metaspace       used 38750K, committed 39808K, reserved 1114112K
  class space    used 3973K, committed 4480K, reserved 1048576K
}

